WP_010937346.1 57
WP_010937347.1 151
WP_010937351.1 204
WP_010937375.1 302
WP_010937376.1 265
WP_010937378.1 102
WP_010937444.1 240
WP_010937447.1 72
WP_010937457.1 269
WP_010937461.1 98
WP_010937464.1 127
WP_010937503.1 243
WP_010937511.1 106
WP_010937516.1 197
WP_010937517.1 108
WP_010937518.1 185
WP_010937532.1 109
WP_010937534.1 131
WP_010937544.1 107
WP_010937545.1 187
WP_010937548.1 129
WP_010937551.1 125
WP_010937554.1 285
WP_010937559.1 195
WP_010937564.1 184
WP_010937571.1 184
WP_010937574.1 219
WP_010937575.1 418
WP_010937583.1 123
WP_010937610.1 105
WP_010937613.1 205
WP_010937627.1 86
WP_010937644.1 656
WP_010937679.1 230
WP_010937683.1 88
WP_010937690.1 129
WP_010937706.1 262
WP_010937707.1 183
WP_010937716.1 116
WP_010937717.1 201
WP_010937727.1 58
WP_010937746.1 96
WP_010937762.1 255
WP_010937793.1 109
WP_010937802.1 1015
WP_010937803.1 82
WP_010937807.1 273
WP_010937830.1 138
WP_010937838.1 226
WP_010937839.1 47
WP_010937889.1 74
WP_010937898.1 115
WP_010937906.1 88
WP_010937917.1 93
WP_010937919.1 130
WP_010937920.1 96
WP_010937937.1 188
WP_010937941.1 288
WP_010937954.1 362
WP_010937959.1 69
WP_010937972.1 256
WP_010937991.1 166
WP_010938012.1 213
WP_010938030.1 151
WP_010938032.1 453
WP_010938042.1 158
WP_010938073.1 115
WP_010938074.1 79
WP_010938088.1 156
WP_010938093.1 110
WP_010938106.1 98
WP_010938118.1 155
WP_010938119.1 582
WP_010938122.1 199
WP_010938143.1 76
WP_010938151.1 248
WP_010938181.1 154
WP_010938206.1 979
WP_010938236.1 128
WP_010938238.1 249
WP_010938240.1 964
WP_010938243.1 85
WP_010938264.1 58
WP_010938273.1 112
WP_010938292.1 240
WP_010938304.1 406
WP_010938308.1 204
WP_010938318.1 406
WP_010938326.1 323
WP_010938331.1 169
WP_010938333.1 261
WP_010938370.1 196
WP_010938371.1 220
WP_010938372.1 308
WP_010938400.1 218
WP_010938404.1 266
WP_010938405.1 183
WP_010938407.1 110
WP_010938409.1 148
WP_010938411.1 126
WP_010938412.1 178
WP_010938416.1 115
WP_010938417.1 316
WP_010938420.1 206
WP_010938421.1 494
WP_010938423.1 80
WP_010938424.1 157
WP_010938426.1 137
WP_010938430.1 121
WP_010938432.1 152
WP_010938434.1 79
WP_010938436.1 62
WP_010938437.1 210
WP_010938442.1 141
WP_010938446.1 348
WP_010938459.1 63
WP_010938471.1 125
WP_010938472.1 145
WP_010938473.1 185
WP_010938484.1 73
WP_010938515.1 731
WP_010938517.1 81
WP_010938518.1 175
WP_010938521.1 150
WP_010938531.1 206
WP_010938547.1 72
WP_010938596.1 60
WP_010938633.1 194
WP_010938650.1 122
WP_010938657.1 322
WP_010938665.1 290
WP_010938670.1 76
WP_010938676.1 71
WP_010938685.1 155
WP_010938691.1 85
WP_010938702.1 154
WP_010938714.1 153
WP_010938727.1 121
WP_010938748.1 247
WP_010938751.1 248
WP_010938753.1 111
WP_010938771.1 298
WP_010938777.1 112
WP_010938780.1 142
WP_010938782.1 116
WP_010938785.1 127
WP_010938786.1 387
WP_010938791.1 89
WP_010938798.1 82
WP_010938799.1 116
WP_010938800.1 135
WP_010938802.1 187
WP_010938804.1 86
WP_010938805.1 164
WP_010938812.1 328
WP_010938815.1 342
WP_010938817.1 330
WP_010938818.1 72
WP_010938830.1 174
WP_010938833.1 133
WP_010938834.1 75
WP_010938847.1 150
WP_010938850.1 797
WP_010938858.1 70
WP_010938872.1 116
WP_010938873.1 279
WP_010938898.1 248
WP_010938911.1 80
WP_010938912.1 140
WP_010938946.1 99
WP_010938950.1 64
WP_010938964.1 54
WP_010938972.1 578
WP_010938981.1 131
WP_010938985.1 122
WP_010938986.1 192
WP_010939001.1 211
WP_010939002.1 697
WP_010939003.1 195
WP_010939004.1 114
WP_010939005.1 133
WP_010939006.1 310
WP_010939007.1 279
WP_010939008.1 110
WP_010939009.1 550
WP_010939010.1 117
WP_010939011.1 184
WP_010939012.1 534
WP_010939013.1 202
WP_010939014.1 82
WP_010939015.1 116
WP_010939016.1 138
WP_010939023.1 47
WP_010939024.1 64
WP_010939025.1 72
WP_010939028.1 133
WP_010939029.1 323
WP_010939040.1 79
WP_010939042.1 135
WP_010939043.1 80
WP_010939044.1 87
WP_010939062.1 293
WP_010939082.1 67
WP_010939108.1 251
WP_010939113.1 90
WP_010939117.1 354
WP_010939131.1 90
WP_010939139.1 98
WP_010939151.1 46
WP_010939152.1 233
WP_010939166.1 213
WP_010939173.1 580
WP_010939180.1 72
WP_010939229.1 77
WP_010939234.1 96
WP_010939241.1 277
WP_010939266.1 130
WP_010939276.1 215
WP_010939277.1 331
WP_010939290.1 51
WP_010939305.1 179
WP_010939313.1 423
WP_010939314.1 121
WP_010939319.1 91
WP_010939320.1 95
WP_010939323.1 533
WP_010939325.1 60
WP_010939329.1 432
WP_010939335.1 487
WP_010939349.1 318
WP_010939385.1 119
WP_010939397.1 134
WP_010939407.1 220
WP_010939409.1 85
WP_010939412.1 183
WP_010939428.1 119
WP_010939429.1 338
WP_010939433.1 121
WP_010939435.1 116
WP_010939436.1 314
WP_010939437.1 155
WP_010939438.1 236
WP_010939440.1 54
WP_010939444.1 69
WP_010939449.1 73
WP_010939451.1 225
WP_010939458.1 243
WP_010939461.1 337
WP_010939462.1 176
WP_010939467.1 51
WP_010939469.1 229
WP_010939470.1 85
WP_010939473.1 65
WP_010939475.1 126
WP_010939481.1 223
WP_010939487.1 120
WP_010939495.1 89
WP_010939498.1 114
WP_010939499.1 216
WP_010939507.1 122
WP_010939510.1 69
WP_010939536.1 604
WP_010939559.1 170
WP_010939597.1 140
WP_010939608.1 516
WP_010939618.1 106
WP_010939624.1 122
WP_010939654.1 222
WP_010939686.1 586
WP_010939692.1 109
WP_010939718.1 191
WP_010939734.1 527
WP_010939744.1 160
WP_010939755.1 354
WP_010939781.1 95
WP_010939792.1 200
WP_010939819.1 91
WP_010939826.1 122
WP_010939843.1 51
WP_010939849.1 209
WP_010939862.1 112
WP_010939865.1 191
WP_010939868.1 184
WP_010939869.1 147
WP_010939870.1 133
WP_010939872.1 135
WP_010939873.1 569
WP_010939875.1 99
WP_010939876.1 208
WP_010939880.1 519
WP_010939890.1 270
WP_010939892.1 115
WP_010939895.1 68
WP_010939896.1 125
WP_010939898.1 183
WP_010939900.1 123
WP_010939901.1 78
WP_010939903.1 83
WP_010939907.1 362
WP_010939909.1 246
WP_010939911.1 147
WP_010939921.1 193
WP_010939932.1 158
WP_010939945.1 88
WP_010939950.1 60
WP_010939961.1 78
WP_010939962.1 79
WP_010939963.1 144
WP_010939966.1 112
WP_010939969.1 139
WP_010939971.1 93
WP_010939972.1 71
WP_010939980.1 109
WP_010939985.1 275
WP_010939987.1 124
WP_010939988.1 109
WP_010939990.1 446
WP_010939993.1 149
WP_010939994.1 118
WP_010940012.1 314
WP_010940013.1 1014
WP_010940027.1 61
WP_010940032.1 55
WP_010940044.1 90
WP_010940055.1 183
WP_010940069.1 469
WP_010940095.1 80
WP_010940096.1 121
WP_010940097.1 64
WP_010940099.1 109
WP_010940100.1 112
WP_010940103.1 357
WP_010940105.1 174
WP_010940106.1 233
WP_010940110.1 287
WP_010940113.1 109
WP_010940125.1 185
WP_010940128.1 182
WP_010940130.1 115
WP_010940133.1 91
WP_010940134.1 142
WP_010940137.1 240
WP_010940168.1 250
WP_010940178.1 78
WP_010940198.1 390
WP_010940206.1 80
WP_010940218.1 138
WP_010940220.1 115
WP_010940223.1 219
WP_010940224.1 99
WP_010940233.1 59
WP_010940259.1 396
WP_010940279.1 122
WP_010940302.1 343
WP_010940303.1 293
WP_010940332.1 303
WP_010940344.1 81
WP_010940349.1 401
WP_010940351.1 215
WP_010940357.1 67
WP_010940415.1 480
WP_010940423.1 286
WP_010940431.1 58
WP_010940477.1 400
WP_010940480.1 447
WP_010940483.1 140
WP_010940484.1 109
WP_010940508.1 233
WP_010940510.1 83
WP_010940525.1 203
WP_010940526.1 420
WP_010940531.1 130
WP_010940532.1 222
WP_010940538.1 166
WP_010940540.1 77
WP_010940553.1 175
WP_010940557.1 97
WP_010940558.1 180
WP_010940584.1 109
WP_010940586.1 91
WP_010940589.1 152
WP_010940601.1 389
WP_010940614.1 139
WP_010940642.1 337
WP_010940650.1 80
WP_010940655.1 315
WP_010940656.1 78
WP_010940657.1 96
WP_010940659.1 419
WP_010940660.1 698
WP_010940661.1 110
WP_010940662.1 121
WP_010940664.1 94
WP_010940668.1 112
WP_010940669.1 528
WP_010940670.1 304
WP_010940671.1 305
WP_010940672.1 356
WP_010940676.1 178
WP_011176581.1 1131
WP_011176606.1 136
WP_011176612.1 989
WP_011176625.1 438
WP_011176646.1 660
WP_011176670.1 159
WP_011176692.1 69
WP_011176726.1 594
WP_011176730.1 307
WP_011176733.1 100
WP_011791395.1 375
WP_011791439.1 72
WP_011791504.1 200
WP_011791514.1 161
WP_011791684.1 295
WP_011791730.1 98
WP_011791744.1 72
WP_011791831.1 176
WP_011791839.1 169
WP_011791841.1 184
WP_011792157.1 74
WP_011792312.1 226
WP_011792315.1 196
WP_011792318.1 157
WP_011792331.1 161
WP_011792418.1 100
WP_011792423.1 149
WP_011792449.1 95
WP_011792465.1 183
WP_011792466.1 164
WP_011792587.1 225
WP_011792600.1 81
WP_011792616.1 157
WP_011792639.1 148
WP_011792655.1 94
WP_011792671.1 111
WP_011792721.1 105
WP_011792814.1 102
WP_011792913.1 88
WP_011793178.1 134
WP_014524179.1 284
WP_014524200.1 217
WP_014524207.1 77
WP_014524219.1 563
WP_014524220.1 301
WP_014524228.1 252
WP_014524242.1 49
WP_014524246.1 130
WP_014524278.1 229
WP_014524282.1 426
WP_014524284.1 62
WP_014524293.1 82
WP_014524297.1 180
WP_014524301.1 311
WP_014524317.1 198
WP_014524319.1 162
WP_014524322.1 96
WP_014524323.1 113
WP_014524324.1 88
WP_014524325.1 205
WP_014524340.1 622
WP_014524341.1 315
WP_014524348.1 161
WP_014524365.1 83
WP_014524380.1 202
WP_014524383.1 389
WP_014524389.1 80
WP_014524391.1 58
WP_014524392.1 106
WP_014524394.1 588
WP_014524399.1 1266
WP_014524400.1 470
WP_014524401.1 328
WP_014524412.1 49
WP_014524426.1 98
WP_014524429.1 118
WP_014524431.1 135
WP_014524436.1 210
WP_014524440.1 82
WP_014524444.1 107
WP_014524445.1 142
WP_014524452.1 100
WP_014524456.1 45
WP_014524458.1 225
WP_014524461.1 79
WP_014524471.1 116
WP_014524482.1 159
WP_014524486.1 46
WP_014524519.1 302
WP_014524530.1 197
WP_014524532.1 350
WP_014524534.1 250
WP_014524535.1 252
WP_014524537.1 410
WP_014524543.1 183
WP_014524550.1 152
WP_014524554.1 160
WP_014524556.1 97
WP_014524569.1 173
WP_014524572.1 73
WP_014524576.1 70
WP_014524579.1 524
WP_014524585.1 280
WP_014524588.1 299
WP_014524594.1 290
WP_014524596.1 456
WP_014524598.1 623
WP_014524624.1 671
WP_014524625.1 42
WP_014524635.1 64
WP_014524641.1 59
WP_014524645.1 138
WP_014524652.1 72
WP_014524657.1 187
WP_014524664.1 902
WP_014524678.1 92
WP_014524680.1 124
WP_014524683.1 169
WP_014524686.1 271
WP_014524689.1 826
WP_041722649.1 61
WP_041722671.1 226
WP_041722685.1 70
WP_049775581.1 238
WP_081448125.1 118
WP_150100223.1 66
WP_150103613.1 98
WP_150103619.1 67
WP_150103622.1 88
WP_150103623.1 299
WP_150103627.1 214
WP_150103628.1 303
WP_150103631.1 77
WP_150103632.1 401
WP_164561408.1 157
WP_164561555.1 114
WP_164561638.1 48
WP_164561746.1 73
WP_164561858.1 49
WP_164561964.1 230
WP_164562126.1 140
WP_164928112.1 142
WP_164928113.1 189
WP_164928114.1 524
WP_164928115.1 81
WP_164928116.1 326
WP_164928119.1 58
WP_164928120.1 83
WP_164928121.1 79
WP_164928124.1 135
WP_164928125.1 59
WP_164928126.1 155
WP_164928129.1 83
WP_164928130.1 29
WP_164928132.1 152
WP_164928135.1 53
WP_164928137.1 63
WP_164928139.1 45
WP_164928140.1 91
WP_164928147.1 51
